<?xml version="1.0" encoding="UTF-8"?>
<!-- Generated by org.testng.reporters.JUnitReportReporter -->
<testsuite hostname="Dell" failures="0" tests="3" name="tests.HomePageTest" time="19.661" errors="0" timestamp="2025-09-09T09:29:18 IST" skipped="0">
  <testcase classname="tests.HomePageTest" name="verifyHomePageIsVisible" time="5.582"/>
  <testcase classname="tests.HomePageTest" name="verifyNavigationToLoginPage" time="5.468"/>
  <testcase classname="tests.HomePageTest" name="verifyNavigationToProductsPage" time="8.611"/>
</testsuite> <!-- tests.HomePageTest -->
