<?xml version="1.0" encoding="UTF-8"?>
<!-- Generated by org.testng.reporters.JUnitReportReporter -->
<testsuite hostname="Dell" failures="0" tests="2" name="tests.LoginTest" time="22.063" errors="0" timestamp="2025-09-09T09:29:18 IST" skipped="0">
  <testcase classname="tests.LoginTest" name="testValidLogin" time="13.591"/>
  <testcase classname="tests.LoginTest" name="testInvalidLogin" time="8.472"/>
</testsuite> <!-- tests.LoginTest -->
