<?xml version="1.0" encoding="UTF-8"?>
<!-- Generated by org.testng.reporters.JUnitReportReporter -->
<testsuite hostname="Dell" failures="0" tests="1" name="tests.ProductsPageTest" time="8.303" errors="0" timestamp="2025-09-09T09:29:18 IST" skipped="0">
  <testcase classname="tests.ProductsPageTest" name="verifyAllProductsAndProductDetailPage" time="8.303"/>
</testsuite> <!-- tests.ProductsPageTest -->
