<?xml version="1.0" encoding="UTF-8"?>
<!-- Generated by org.testng.reporters.JUnitReportReporter -->
<testsuite hostname="Dell" failures="0" tests="1" name="tests.RegisterUserTest" time="35.341" errors="0" timestamp="2025-09-09T09:29:18 IST" skipped="0">
  <testcase classname="tests.RegisterUserTest" name="testRegisterUser" time="35.341"/>
</testsuite> <!-- tests.RegisterUserTest -->
