<?xml version="1.0" encoding="UTF-8"?>
<!-- Generated by org.testng.reporters.JUnitReportReporter -->
<testsuite hostname="Dell" failures="0" tests="1" name="tests.AddProductCart" time="22.977" errors="0" timestamp="2025-09-07T23:48:08 IST" skipped="0">
  <testcase classname="tests.AddProductCart" name="verifyViewProduct" time="22.977"/>
</testsuite> <!-- tests.AddProductCart -->
