<?xml version="1.0" encoding="UTF-8"?>
<!-- Generated by org.testng.reporters.JUnitReportReporter -->
<testsuite hostname="Dell" failures="0" tests="1" name="tests.ContactUsForm" time="118.633" errors="0" timestamp="2025-09-07T23:58:45 IST" skipped="0">
  <testcase classname="tests.ContactUsForm" name="contactUsFormTest" time="118.633"/>
</testsuite> <!-- tests.ContactUsForm -->
