<?xml version="1.0" encoding="UTF-8"?>
<!-- Generated by org.testng.reporters.JUnitReportReporter -->
<testsuite hostname="Dell" failures="0" tests="1" name="tests.ExistingEmail" time="51.450" errors="0" timestamp="2025-09-06T13:08:59 IST" skipped="0">
  <testcase classname="tests.ExistingEmail" name="registerUserWithExistingEmail" time="51.450"/>
</testsuite> <!-- tests.ExistingEmail -->
