<?xml version="1.0" encoding="UTF-8"?>
<!-- Generated by org.testng.reporters.JUnitReportReporter -->
<testsuite hostname="Dell" failures="0" tests="1" name="tests.Logout" time="17.279" errors="0" timestamp="2025-09-06T11:10:05 IST" skipped="0">
  <testcase classname="tests.Logout" name="logoutUser" time="17.279"/>
</testsuite> <!-- tests.Logout -->
