<?xml version="1.0" encoding="UTF-8"?>
<!-- Generated by org.testng.reporters.JUnitReportReporter -->
<testsuite hostname="Dell" failures="0" tests="1" name="tests.SubscriptionCartPage" time="14.103" errors="0" timestamp="2025-09-06T19:44:13 IST" skipped="0">
  <testcase classname="tests.SubscriptionCartPage" name="verifySubscriptionInCartPage" time="14.103"/>
</testsuite> <!-- tests.SubscriptionCartPage -->
