<?xml version="1.0" encoding="UTF-8"?>
<!-- Generated by org.testng.reporters.JUnitReportReporter -->
<testsuite hostname="Dell" failures="0" tests="2" name="tests.LoginTest" time="22.227" errors="0" timestamp="2025-09-06T13:30:07 IST" skipped="0">
  <testcase classname="tests.LoginTest" name="testValidLogin" time="14.385"/>
  <testcase classname="tests.LoginTest" name="testInvalidLogin" time="7.842"/>
</testsuite> <!-- tests.LoginTest -->
